#
# A fatal error has been detected by the Java Runtime Environment:
#
#  SIGSEGV (0xb) at pc=0xb6e704a3, pid=10137, tid=2147281776
#
# JRE version: 6.0_20-b02
# Java VM: Java HotSpot(TM) Server VM (16.3-b01 mixed mode linux-x86 )
# Problematic frame:
# V  [libjvm.so+0x4284a3]
#
# If you would like to submit a bug report, please visit:
#   http://java.sun.com/webapps/bugreport/crash.jsp
#

---------------  T H R E A D  ---------------

Current thread (0x80319000):  JavaThread "JDWP Transport Listener: dt_socket" daemon [_thread_in_vm, id=10153, stack(0x7ff7e000,0x7ffcf000)]

siginfo:si_signo=SIGSEGV: si_errno=0, si_code=1 (SEGV_MAPERR), si_addr=0x6976003b

Registers:
EAX=0x6976003b, EBX=0xb71a11e0, ECX=0x6976003b, EDX=0x00000200
ESP=0x7ffcdf04, EBP=0x7ffcdf68, ESI=0x80319000, EDI=0x0805a618
EIP=0xb6e704a3, CR2=0x6976003b, EFLAGS=0x00210212

Top of Stack: (sp=0x7ffcdf04)
0x7ffcdf04:   80319000 00000000 00000000 80319000
0x7ffcdf14:   00000000 7ffcdf38 7ffcdf20 80319000
0x7ffcdf24:   00000000 00000000 00000000 80319000
0x7ffcdf34:   00000000 7ffcdf68 b6969438 80319000
0x7ffcdf44:   7ffce050 7ffcdf88 b695e10a 0805a618
0x7ffcdf54:   7b349718 b6e7039b b6969438 b6969320
0x7ffcdf64:   7ffcdfbb 7ffcdf88 b695c846 0805a618
0x7ffcdf74:   6976003b 7ffcdfbb b6969438 6976003b 

Instructions: (pc=0xb6e704a3)
0xb6e70493:   00 8b 4d 0c 31 c0 85 c9 74 28 8b 45 0c 83 ec 0c
0xb6e704a3:   8b 30 8b 46 04 8d 48 08 8b 40 08 51 ff 90 94 00 

Stack: [0x7ff7e000,0x7ffcf000],  sp=0x7ffcdf04,  free space=13f7ffcd890k
Native frames: (J=compiled Java code, j=interpreted, Vv=VM code, C=native code)
V  [libjvm.so+0x4284a3]
C  [libjdwp.so+0x2d846]
C  [libjdwp.so+0x6874]
C  [libjdwp.so+0x6a73]
C  [libjdwp.so+0x6b20]
C  [libjdwp.so+0x13143]
C  [libjdwp.so+0x27fd5]
C  [libjdwp.so+0x282d3]
V  [libjvm.so+0x4988e9]
V  [libjvm.so+0x64cfde]
V  [libjvm.so+0x55f24e]
C  [libpthread.so.0+0x5b25]


---------------  P R O C E S S  ---------------

Java Threads: ( => current thread )
  0x082c6400 JavaThread "TimerQueue" daemon [_thread_blocked, id=10189, stack(0x7c6af000,0x7c700000)]
  0x7f5b7800 JavaThread "ThumbnailRenderer" [_thread_blocked, id=10173, stack(0x7c25e000,0x7c2af000)]
  0x7f5b7000 JavaThread "ThumbnailFetcher" [_thread_blocked, id=10172, stack(0x7c2af000,0x7c300000)]
  0x803e8400 JavaThread "XmpFetcher" [_thread_blocked, id=10171, stack(0x7cc14000,0x7cc65000)]
  0x7f54e000 JavaThread "AWT-EventQueue-1" [_thread_blocked, id=10170, stack(0x7cc65000,0x7ccb6000)]
  0x7f54b800 JavaThread "DestroyJavaVM" [_thread_blocked, id=10139, stack(0xb69cd000,0xb6a1e000)]
  0x7f536400 JavaThread "HSQLDB Timer @9d5793" daemon [_thread_blocked, id=10169, stack(0x7d4af000,0x7d500000)]
  0x7f504800 JavaThread "AWT-Shutdown" [_thread_blocked, id=10167, stack(0x7f63d000,0x7f68e000)]
  0x80387400 JavaThread "AWT-XAWT" daemon [_thread_in_native, id=10165, stack(0x7f8f0000,0x7f941000)]
  0x80368400 JavaThread "Java2D Disposer" daemon [_thread_blocked, id=10164, stack(0x7f95e000,0x7f9af000)]
  0x80321c00 JavaThread "Low Memory Detector" daemon [_thread_blocked, id=10162, stack(0x7fd89000,0x7fdda000)]
  0x8031fc00 JavaThread "CompilerThread1" daemon [_thread_blocked, id=10161, stack(0x7fdda000,0x7fe5b000)]
  0x8031dc00 JavaThread "CompilerThread0" daemon [_thread_blocked, id=10160, stack(0x7fe5b000,0x7fedc000)]
  0x08106c00 JavaThread "JDWP Command Reader" daemon [_thread_in_native, id=10155, stack(0x7fedc000,0x7ff2d000)]
  0x8031b800 JavaThread "JDWP Event Helper Thread" daemon [_thread_blocked, id=10154, stack(0x7ff2d000,0x7ff7e000)]
=>0x80319000 JavaThread "JDWP Transport Listener: dt_socket" daemon [_thread_in_vm, id=10153, stack(0x7ff7e000,0x7ffcf000)]
  0x80310c00 JavaThread "Signal Dispatcher" daemon [_thread_blocked, id=10150, stack(0x7fff6000,0x80047000)]
  0x80300800 JavaThread "Finalizer" daemon [_thread_blocked, id=10149, stack(0x80047000,0x80098000)]
  0x080fd000 JavaThread "Reference Handler" daemon [_thread_blocked, id=10148, stack(0x80098000,0x800e9000)]

Other Threads:
  0x080fa400 VMThread [stack: 0x800e9000,0x8016a000] [id=10147]
  0x8032bc00 WatcherThread [stack: 0x7fd08000,0x7fd89000] [id=10163]

VM state:not at safepoint (normal execution)

VM Mutex/Monitor currently owned by a thread: None

Heap
 PSYoungGen      total 66752K, used 53788K [0xa3cf0000, 0xabaf0000, 0xb36f0000)
  eden space 59456K, 78% used [0xa3cf0000,0xa6a59348,0xa7700000)
  from space 7296K, 99% used [0xa7700000,0xa7e1dea8,0xa7e20000)
  to   space 34368K, 0% used [0xa9960000,0xa9960000,0xabaf0000)
 PSOldGen        total 214464K, used 154993K [0x848f0000, 0x91a60000, 0xa3cf0000)
  object space 214464K, 72% used [0x848f0000,0x8e04c448,0x91a60000)
 PSPermGen       total 37504K, used 22883K [0x808f0000, 0x82d90000, 0x848f0000)
  object space 37504K, 61% used [0x808f0000,0x81f48da8,0x82d90000)

Dynamic libraries:
08048000-08052000 r-xp 00000000 08:06 4122613    /usr/local/opt/java/jdk1.6.0_20/jre/bin/java
08052000-08053000 rwxp 00009000 08:06 4122613    /usr/local/opt/java/jdk1.6.0_20/jre/bin/java
08053000-093a4000 rwxp 00000000 00:00 0          [heap]
7ad00000-7adff000 rwxp 00000000 00:00 0 
7adff000-7ae00000 ---p 00000000 00:00 0 
7af00000-7afff000 rwxp 00000000 00:00 0 
7afff000-7b000000 ---p 00000000 00:00 0 
7b100000-7b1fb000 rwxp 00000000 00:00 0 
7b1fb000-7b200000 ---p 00000000 00:00 0 
7b300000-7b3fd000 rwxp 00000000 00:00 0 
7b3fd000-7b400000 ---p 00000000 00:00 0 
7b400000-7b4ff000 rwxp 00000000 00:00 0 
7b4ff000-7b500000 ---p 00000000 00:00 0 
7b500000-7b5ed000 rwxp 00000000 00:00 0 
7b5ed000-7b600000 ---p 00000000 00:00 0 
7b600000-7b6fe000 rwxp 00000000 00:00 0 
7b6fe000-7b700000 ---p 00000000 00:00 0 
7b700000-7b7f8000 rwxp 00000000 00:00 0 
7b7f8000-7b800000 ---p 00000000 00:00 0 
7b9d5000-7ba20000 r-xp 00000000 08:06 11821361   /var/cache/libx11/compose/l4_024_313cb605_00280cc0
7bc19000-7c100000 rwxs 00000000 00:04 3801100    /SYSV00000000 (deleted)
7c100000-7c200000 rwxp 00000000 00:00 0 
7c20d000-7c210000 ---p 00000000 00:00 0 
7c210000-7c25e000 rwxp 00000000 00:00 0 
7c25e000-7c261000 ---p 00000000 00:00 0 
7c261000-7c2af000 rwxp 00000000 00:00 0 
7c2af000-7c2b2000 ---p 00000000 00:00 0 
7c2b2000-7c300000 rwxp 00000000 00:00 0 
7c300000-7c400000 rwxp 00000000 00:00 0 
7c415000-7c42a000 r-xp 00000000 08:06 4128913    /usr/local/opt/java/jdk1.6.0_20/jre/lib/i386/libdcpr.so
7c42a000-7c43d000 rwxp 00014000 08:06 4128913    /usr/local/opt/java/jdk1.6.0_20/jre/lib/i386/libdcpr.so
7c500000-7c5fb000 rwxp 00000000 00:00 0 
7c5fb000-7c600000 ---p 00000000 00:00 0 
7c6af000-7c6b2000 ---p 00000000 00:00 0 
7c6b2000-7c700000 rwxp 00000000 00:00 0 
7c700000-7c800000 rwxp 00000000 00:00 0 
7c80d000-7c810000 ---p 00000000 00:00 0 
7c810000-7c85e000 rwxp 00000000 00:00 0 
7c85e000-7c861000 ---p 00000000 00:00 0 
7c861000-7c8af000 rwxp 00000000 00:00 0 
7c8af000-7c8b2000 ---p 00000000 00:00 0 
7c8b2000-7c900000 rwxp 00000000 00:00 0 
7c900000-7c9f2000 rwxp 00000000 00:00 0 
7c9f2000-7ca00000 ---p 00000000 00:00 0 
7ca47000-7ca49000 r-xs 00000000 08:06 7929893    /home/elmar/.fontconfig/82532ab698b9ce811ff5ed03c88654e3-le32d4.cache-3
7ca49000-7ca50000 r-xs 00000000 08:06 11822210   /var/cache/fontconfig/77e41c5059666d75f92e318d4be8c21e-le32d4.cache-3
7ca50000-7ca55000 r-xs 00000000 08:06 11822221   /var/cache/fontconfig/1890317d8a3fded7854d26fdd2e67c05-le32d4.cache-3
7ca55000-7ca58000 r-xs 00000000 08:06 11822273   /var/cache/fontconfig/31f82260556886db06538972b4bc1ecd-le32d4.cache-3
7ca58000-7ca7a000 r-xs 00000000 08:06 11821235   /var/cache/fontconfig/8d4af663993b81a124ee82e610bb31f9-le32d4.cache-3
7ca7a000-7caa6000 r-xs 00000000 08:06 11822268   /var/cache/fontconfig/7ef2298fde41cc6eeb7af42e48b7d293-le32d4.cache-3
7caa6000-7caab000 r-xs 00000000 08:06 11822023   /var/cache/fontconfig/d62e99ef547d1d24cdb1bd22ec1a2976-le32d4.cache-3
7caab000-7caec000 r-xs 00000000 08:06 11822022   /var/cache/fontconfig/17090aa38d5c6f09fb8c5c354938f1d7-le32d4.cache-3
7caec000-7cb2d000 r-xs 00000000 08:06 11822020   /var/cache/fontconfig/df311e82a1a24c41a75c2c930223552e-le32d4.cache-3
7cb72000-7cb75000 ---p 00000000 00:00 0 
7cb75000-7cbc3000 rwxp 00000000 00:00 0 
7cbc3000-7cbc6000 ---p 00000000 00:00 0 
7cbc6000-7cc14000 rwxp 00000000 00:00 0 
7cc14000-7cc17000 ---p 00000000 00:00 0 
7cc17000-7cc65000 rwxp 00000000 00:00 0 
7cc65000-7cc68000 ---p 00000000 00:00 0 
7cc68000-7ccb6000 rwxp 00000000 00:00 0 
7ccb6000-7cd8d000 r-xp 00000000 08:06 10893593   /usr/lib/libasound.so.2.0.0
7cd8d000-7cd8e000 ---p 000d7000 08:06 10893593   /usr/lib/libasound.so.2.0.0
7cd8e000-7cd91000 r-xp 000d7000 08:06 10893593   /usr/lib/libasound.so.2.0.0
7cd91000-7cd92000 rwxp 000da000 08:06 10893593   /usr/lib/libasound.so.2.0.0
7cd92000-7cd96000 r-xp 00000000 08:06 3948587    /usr/lib/libORBitCosNaming-2.so.0.1.0
7cd96000-7cd97000 r-xp 00003000 08:06 3948587    /usr/lib/libORBitCosNaming-2.so.0.1.0
7cd97000-7cd98000 rwxp 00004000 08:06 3948587    /usr/lib/libORBitCosNaming-2.so.0.1.0
7cd98000-7cda0000 r-xp 00000000 08:06 606531     /lib/libpopt.so.0.0.0
7cda0000-7cda1000 r-xp 00007000 08:06 606531     /lib/libpopt.so.0.0.0
7cda1000-7cda2000 rwxp 00008000 08:06 606531     /lib/libpopt.so.0.0.0
7cda2000-7cdc8000 r-xp 00000000 08:06 10894632   /usr/lib/libaudiofile.so.0.0.2
7cdc8000-7cdca000 r-xp 00026000 08:06 10894632   /usr/lib/libaudiofile.so.0.0.2
7cdca000-7cdcb000 rwxp 00028000 08:06 10894632   /usr/lib/libaudiofile.so.0.0.2
7cdcb000-7cdd5000 r-xp 00000000 08:06 10895315   /usr/lib/libesd.so.0.2.39
7cdd5000-7cdd6000 r-xp 00009000 08:06 10895315   /usr/lib/libesd.so.0.2.39
7cdd6000-7cdd7000 rwxp 0000a000 08:06 10895315   /usr/lib/libesd.so.0.2.39
7cdd7000-7cded000 r-xp 00000000 08:06 3998637    /usr/lib/libbonobo-activation.so.4.0.0
7cded000-7cdee000 r-xp 00015000 08:06 3998637    /usr/lib/libbonobo-activation.so.4.0.0
7cdee000-7cdf0000 rwxp 00016000 08:06 3998637    /usr/lib/libbonobo-activation.so.4.0.0
7cdf0000-7ce50000 r-xp 00000000 08:06 3998635    /usr/lib/libbonobo-2.so.0.0.0
7ce50000-7ce51000 ---p 00060000 08:06 3998635    /usr/lib/libbonobo-2.so.0.0.0
7ce51000-7ce54000 r-xp 00060000 08:06 3998635    /usr/lib/libbonobo-2.so.0.0.0
7ce54000-7ce5b000 rwxp 00063000 08:06 3998635    /usr/lib/libbonobo-2.so.0.0.0
7ce5b000-7ce71000 r-xp 00000000 08:06 3998729    /usr/lib/libgnome-2.so.0.3000.0
7ce71000-7ce72000 r-xp 00015000 08:06 3998729    /usr/lib/libgnome-2.so.0.3000.0
7ce72000-7ce73000 rwxp 00016000 08:06 3998729    /usr/lib/libgnome-2.so.0.3000.0
7ce73000-7cea0000 r-xp 00000000 08:06 606519     /lib/libpcre.so.0.0.1
7cea0000-7cea1000 r-xp 0002c000 08:06 606519     /lib/libpcre.so.0.0.1
7cea1000-7cea2000 rwxp 0002d000 08:06 606519     /lib/libpcre.so.0.0.1
7cea2000-7d02a000 r-xp 00000000 08:06 606515     /lib/libcrypto.so.1.0.0
7d02a000-7d02b000 ---p 00188000 08:06 606515     /lib/libcrypto.so.1.0.0
7d02b000-7d039000 r-xp 00188000 08:06 606515     /lib/libcrypto.so.1.0.0
7d039000-7d03f000 rwxp 00196000 08:06 606515     /lib/libcrypto.so.1.0.0
7d03f000-7d042000 rwxp 00000000 00:00 0 
7d042000-7d054000 r-xp 00000000 08:06 606395     /lib/libz.so.1.2.3
7d054000-7d055000 r-xp 00011000 08:06 606395     /lib/libz.so.1.2.3
7d055000-7d056000 rwxp 00012000 08:06 606395     /lib/libz.so.1.2.3
7d056000-7d0aa000 r-xp 00000000 08:06 3948583    /usr/lib/libORBit-2.so.0.1.0
7d0aa000-7d0b2000 r-xp 00054000 08:06 3948583    /usr/lib/libORBit-2.so.0.1.0
7d0b2000-7d0b4000 rwxp 0005c000 08:06 3948583    /usr/lib/libORBit-2.so.0.1.0
7d0b4000-7d0b6000 r-xp 00000000 08:06 606344     /lib/libutil-2.11.2.so
7d0b6000-7d0b7000 r-xp 00001000 08:06 606344     /lib/libutil-2.11.2.so
7d0b7000-7d0b8000 rwxp 00002000 08:06 606344     /lib/libutil-2.11.2.so
7d0b8000-7d0cb000 r-xp 00000000 08:06 606320     /lib/libresolv-2.11.2.so
7d0cb000-7d0cc000 r-xp 00012000 08:06 606320     /lib/libresolv-2.11.2.so
7d0cc000-7d0cd000 rwxp 00013000 08:06 606320     /lib/libresolv-2.11.2.so
7d0cd000-7d0cf000 rwxp 00000000 00:00 0 
7d0cf000-7d0db000 r-xp 00000000 08:06 10894430   /usr/lib/libavahi-common.so.3.5.1
7d0db000-7d0dc000 r-xp 0000b000 08:06 10894430   /usr/lib/libavahi-common.so.3.5.1
7d0dc000-7d0dd000 rwxp 0000c000 08:06 10894430   /usr/lib/libavahi-common.so.3.5.1
7d0dd000-7d121000 r-xp 00000000 08:06 606621     /lib/libdbus-1.so.3.4.0
7d121000-7d122000 r-xp 00043000 08:06 606621     /lib/libdbus-1.so.3.4.0
7d122000-7d123000 rwxp 00044000 08:06 606621     /lib/libdbus-1.so.3.4.0
7d123000-7d133000 r-xp 00000000 08:06 10895170   /usr/lib/libavahi-client.so.3.2.5
7d133000-7d134000 r-xp 0000f000 08:06 10895170   /usr/lib/libavahi-client.so.3.2.5
7d134000-7d135000 rwxp 00010000 08:06 10895170   /usr/lib/libavahi-client.so.3.2.5
7d135000-7d219000 r-xp 00000000 08:06 10893692   /usr/lib/libglib-2.0.so.0.2400.1
7d219000-7d21a000 r-xp 000e3000 08:06 10893692   /usr/lib/libglib-2.0.so.0.2400.1
7d21a000-7d21b000 rwxp 000e4000 08:06 10893692   /usr/lib/libglib-2.0.so.0.2400.1
7d21b000-7d26d000 r-xp 00000000 08:06 606391     /lib/libssl.so.1.0.0
7d26d000-7d26f000 r-xp 00052000 08:06 606391     /lib/libssl.so.1.0.0
7d26f000-7d272000 rwxp 00054000 08:06 606391     /lib/libssl.so.1.0.0
7d272000-7d2b9000 r-xp 00000000 08:06 10893713   /usr/lib/libgobject-2.0.so.0.2400.1
7d2b9000-7d2ba000 r-xp 00046000 08:06 10893713   /usr/lib/libgobject-2.0.so.0.2400.1
7d2ba000-7d2bb000 rwxp 00047000 08:06 10893713   /usr/lib/libgobject-2.0.so.0.2400.1
7d2bb000-7d403000 r-xp 00000000 08:06 10893695   /usr/lib/libxml2.so.2.7.7
7d403000-7d407000 r-xp 00147000 08:06 10893695   /usr/lib/libxml2.so.2.7.7
7d407000-7d408000 rwxp 0014b000 08:06 10893695   /usr/lib/libxml2.so.2.7.7
7d408000-7d409000 rwxp 00000000 00:00 0 
7d409000-7d440000 r-xp 00000000 08:06 3948617    /usr/lib/libgconf-2.so.4.1.5
7d440000-7d441000 ---p 00037000 08:06 3948617    /usr/lib/libgconf-2.so.4.1.5
7d441000-7d442000 r-xp 00037000 08:06 3948617    /usr/lib/libgconf-2.so.4.1.5
7d442000-7d444000 rwxp 00038000 08:06 3948617    /usr/lib/libgconf-2.so.4.1.5
7d444000-7d4ab000 r-xp 00000000 08:06 3948671    /usr/lib/libgnomevfs-2.so.0.2400.3
7d4ab000-7d4ad000 r-xp 00066000 08:06 3948671    /usr/lib/libgnomevfs-2.so.0.2400.3
7d4ad000-7d4ae000 rwxp 00068000 08:06 3948671    /usr/lib/libgnomevfs-2.so.0.2400.3
7d4ae000-7d4af000 rwxp 00000000 00:00 0 
7d4af000-7d4b2000 ---p 00000000 00:00 0 
7d4b2000-7d500000 rwxp 00000000 00:00 0 
7d500000-7f500000 rwxs 00000000 08:06 3983767    /home/elmar/.de.elmar_baumann/ImageMetaDataViewer.original/database.data
7f500000-7f5ff000 rwxp 00000000 00:00 0 
7f5ff000-7f600000 ---p 00000000 00:00 0 
7f600000-7f621000 r-xp 00000000 08:06 10893670   /usr/lib/libdbus-glib-1.so.2.1.0
7f621000-7f622000 r-xp 00020000 08:06 10893670   /usr/lib/libdbus-glib-1.so.2.1.0
7f622000-7f623000 rwxp 00021000 08:06 10893670   /usr/lib/libdbus-glib-1.so.2.1.0
7f624000-7f63d000 r-xs 00000000 08:06 7929891    /home/elmar/.fontconfig/79557d71edb4859658098473523462e9-le32d4.cache-3
7f63d000-7f640000 ---p 00000000 00:00 0 
7f640000-7f68e000 rwxp 00000000 00:00 0 
7f68e000-7f690000 r-xs 00000000 08:06 7929893    /home/elmar/.fontconfig/82532ab698b9ce811ff5ed03c88654e3-le32d4.cache-3
7f690000-7f697000 r-xs 00000000 08:06 11822210   /var/cache/fontconfig/77e41c5059666d75f92e318d4be8c21e-le32d4.cache-3
7f697000-7f69c000 r-xs 00000000 08:06 11822221   /var/cache/fontconfig/1890317d8a3fded7854d26fdd2e67c05-le32d4.cache-3
7f69c000-7f69f000 r-xs 00000000 08:06 11822273   /var/cache/fontconfig/31f82260556886db06538972b4bc1ecd-le32d4.cache-3
7f69f000-7f6c1000 r-xs 00000000 08:06 11821235   /var/cache/fontconfig/8d4af663993b81a124ee82e610bb31f9-le32d4.cache-3
7f6c1000-7f6ed000 r-xs 00000000 08:06 11822268   /var/cache/fontconfig/7ef2298fde41cc6eeb7af42e48b7d293-le32d4.cache-3
7f6ed000-7f72e000 r-xs 00000000 08:06 11822022   /var/cache/fontconfig/17090aa38d5c6f09fb8c5c354938f1d7-le32d4.cache-3
7f72e000-7f76f000 r-xs 00000000 08:06 11822020   /var/cache/fontconfig/df311e82a1a24c41a75c2c930223552e-le32d4.cache-3
7f772000-7f775000 r-xp 00000000 08:06 10895166   /usr/lib/libavahi-glib.so.1.0.1
7f775000-7f776000 r-xp 00002000 08:06 10895166   /usr/lib/libavahi-glib.so.1.0.1
7f776000-7f777000 rwxp 00003000 08:06 10895166   /usr/lib/libavahi-glib.so.1.0.1
7f777000-7f77b000 r-xp 00000000 08:06 10893728   /usr/lib/libgthread-2.0.so.0.2400.1
7f77b000-7f77c000 r-xp 00003000 08:06 10893728   /usr/lib/libgthread-2.0.so.0.2400.1
7f77c000-7f77d000 rwxp 00004000 08:06 10893728   /usr/lib/libgthread-2.0.so.0.2400.1
7f77d000-7f7b4000 r-xp 00000000 08:06 4128945    /usr/local/opt/java/jdk1.6.0_20/jre/lib/i386/libsplashscreen.so
7f7b4000-7f7b6000 rwxp 00037000 08:06 4128945    /usr/local/opt/java/jdk1.6.0_20/jre/lib/i386/libsplashscreen.so
7f7b6000-7f7b9000 rwxp 00000000 00:00 0 
7f7b9000-7f7bc000 ---p 00000000 00:00 0 
7f7bc000-7f843000 rwxp 00000000 00:00 0 
7f843000-7f856000 r-xp 00000000 08:06 4128939    /usr/local/opt/java/jdk1.6.0_20/jre/lib/i386/libnet.so
7f856000-7f857000 rwxp 00013000 08:06 4128939    /usr/local/opt/java/jdk1.6.0_20/jre/lib/i386/libnet.so
7f857000-7f870000 r-xs 00000000 08:06 7929891    /home/elmar/.fontconfig/79557d71edb4859658098473523462e9-le32d4.cache-3
7f870000-7f89e000 r-xp 00000000 08:06 4128931    /usr/local/opt/java/jdk1.6.0_20/jre/lib/i386/libjpeg.so
7f89e000-7f89f000 rwxp 0002e000 08:06 4128931    /usr/local/opt/java/jdk1.6.0_20/jre/lib/i386/libjpeg.so
7f89f000-7f8a2000 ---p 00000000 00:00 0 
7f8a2000-7f8f0000 rwxp 00000000 00:00 0 
7f8f0000-7f8f3000 ---p 00000000 00:00 0 
7f8f3000-7f941000 rwxp 00000000 00:00 0 
7f941000-7f945000 r-xp 00000000 08:06 10888313   /usr/lib/libXfixes.so.3.1.0
7f945000-7f946000 r-xp 00003000 08:06 10888313   /usr/lib/libXfixes.so.3.1.0
7f946000-7f947000 rwxp 00004000 08:06 10888313   /usr/lib/libXfixes.so.3.1.0
7f947000-7f950000 r-xp 00000000 08:06 10888275   /usr/lib/libXrender.so.1.3.0
7f950000-7f951000 r-xp 00008000 08:06 10888275   /usr/lib/libXrender.so.1.3.0
7f951000-7f952000 rwxp 00009000 08:06 10888275   /usr/lib/libXrender.so.1.3.0
7f952000-7f95c000 r-xp 00000000 08:06 10888219   /usr/lib/libXcursor.so.1.0.2
7f95c000-7f95d000 r-xp 00009000 08:06 10888219   /usr/lib/libXcursor.so.1.0.2
7f95d000-7f95e000 rwxp 0000a000 08:06 10888219   /usr/lib/libXcursor.so.1.0.2
7f95e000-7f961000 ---p 00000000 00:00 0 
7f961000-7f9af000 rwxp 00000000 00:00 0 
7f9af000-7fa2e000 r-xp 00000000 08:06 4128916    /usr/local/opt/java/jdk1.6.0_20/jre/lib/i386/libfontmanager.so
7fa2e000-7fa39000 rwxp 0007e000 08:06 4128916    /usr/local/opt/java/jdk1.6.0_20/jre/lib/i386/libfontmanager.so
7fa39000-7fa3d000 rwxp 00000000 00:00 0 
7fa3d000-7fa5c000 r-xp 00000000 08:06 10937537   /usr/share/locale/de/LC_MESSAGES/libc.mo
7fa5c000-7fa5e000 r-xp 00000000 08:06 10893686   /usr/lib/libXau.so.6.0.0
7fa5e000-7fa5f000 r-xp 00001000 08:06 10893686   /usr/lib/libXau.so.6.0.0
7fa5f000-7fa60000 rwxp 00002000 08:06 10893686   /usr/lib/libXau.so.6.0.0
7fa60000-7fa7e000 r-xp 00000000 08:06 10890608   /usr/lib/libxcb.so.1.1.0
7fa7e000-7fa7f000 r-xp 0001d000 08:06 10890608   /usr/lib/libxcb.so.1.1.0
7fa7f000-7fa80000 rwxp 0001e000 08:06 10890608   /usr/lib/libxcb.so.1.1.0
7fa80000-7fa8e000 r-xp 00000000 08:06 10888247   /usr/lib/libXi.so.6.1.0
7fa8e000-7fa8f000 r-xp 0000d000 08:06 10888247   /usr/lib/libXi.so.6.1.0
7fa8f000-7fa90000 rwxp 0000e000 08:06 10888247   /usr/lib/libXi.so.6.1.0
7fa90000-7fbc6000 r-xp 00000000 08:06 10893562   /usr/lib/libX11.so.6.3.0
7fbc6000-7fbc7000 ---p 00136000 08:06 10893562   /usr/lib/libX11.so.6.3.0
7fbc7000-7fbc8000 r-xp 00136000 08:06 10893562   /usr/lib/libX11.so.6.3.0
7fbc8000-7fbcb000 rwxp 00137000 08:06 10893562   /usr/lib/libX11.so.6.3.0
7fbcb000-7fbdb000 r-xp 00000000 08:06 10890385   /usr/lib/libXext.so.6.4.0
7fbdb000-7fbdc000 r-xp 00010000 08:06 10890385   /usr/lib/libXext.so.6.4.0
7fbdc000-7fbdd000 rwxp 00011000 08:06 10890385   /usr/lib/libXext.so.6.4.0
7fbde000-7fbe3000 r-xs 00000000 08:06 11822023   /var/cache/fontconfig/d62e99ef547d1d24cdb1bd22ec1a2976-le32d4.cache-3
7fbe3000-7fbe6000 r-xp 00000000 08:06 10893556   /usr/lib/libgmodule-2.0.so.0.2400.1
7fbe6000-7fbe7000 r-xp 00002000 08:06 10893556   /usr/lib/libgmodule-2.0.so.0.2400.1
7fbe7000-7fbe8000 rwxp 00003000 08:06 10893556   /usr/lib/libgmodule-2.0.so.0.2400.1
7fbe8000-7fbef000 r-xp 00000000 08:06 4128940    /usr/local/opt/java/jdk1.6.0_20/jre/lib/i386/libnio.so
7fbef000-7fbf0000 rwxp 00006000 08:06 4128940    /usr/local/opt/java/jdk1.6.0_20/jre/lib/i386/libnio.so
7fbf0000-7fbf7000 r-xs 00111000 08:06 4122669    /usr/local/opt/java/jdk1.6.0_20/jre/lib/resources.jar
7fbf7000-7fc3a000 r-xp 00000000 08:06 4136962    /usr/local/opt/java/jdk1.6.0_20/jre/lib/i386/xawt/libmawt.so
7fc3a000-7fc3c000 rwxp 00043000 08:06 4136962    /usr/local/opt/java/jdk1.6.0_20/jre/lib/i386/xawt/libmawt.so
7fc3c000-7fc3d000 rwxp 00000000 00:00 0 
7fc3d000-7fcc1000 r-xp 00000000 08:06 4128911    /usr/local/opt/java/jdk1.6.0_20/jre/lib/i386/libawt.so
7fcc1000-7fcc8000 rwxp 00084000 08:06 4128911    /usr/local/opt/java/jdk1.6.0_20/jre/lib/i386/libawt.so
7fcc8000-7fcec000 rwxp 00000000 00:00 0 
7fcec000-7fd08000 r-xs 001a5000 08:05 144631     /mnt/daten/projekte/JPhotoTagger/Program/lib/ImgrRdr.jar
7fd08000-7fd09000 ---p 00000000 00:00 0 
7fd09000-7fd89000 rwxp 00000000 00:00 0 
7fd89000-7fd8c000 ---p 00000000 00:00 0 
7fd8c000-7fdda000 rwxp 00000000 00:00 0 
7fdda000-7fddd000 ---p 00000000 00:00 0 
7fddd000-7fe5b000 rwxp 00000000 00:00 0 
7fe5b000-7fe5e000 ---p 00000000 00:00 0 
7fe5e000-7fedc000 rwxp 00000000 00:00 0 
7fedc000-7fedf000 ---p 00000000 00:00 0 
7fedf000-7ff2d000 rwxp 00000000 00:00 0 
7ff2d000-7ff30000 ---p 00000000 00:00 0 
7ff30000-7ff7e000 rwxp 00000000 00:00 0 
7ff7e000-7ff81000 ---p 00000000 00:00 0 
7ff81000-7ffcf000 rwxp 00000000 00:00 0 
7ffcf000-7ffda000 r-xp 00000000 08:06 606211     /lib/libnss_files-2.11.2.so
7ffda000-7ffdb000 r-xp 0000a000 08:06 606211     /lib/libnss_files-2.11.2.so
7ffdb000-7ffdc000 rwxp 0000b000 08:06 606211     /lib/libnss_files-2.11.2.so
7ffdf000-7ffe4000 r-xp 00000000 08:06 10888200   /usr/lib/libXtst.so.6.1.0
7ffe4000-7ffe5000 r-xp 00004000 08:06 10888200   /usr/lib/libXtst.so.6.1.0
7ffe5000-7ffe6000 rwxp 00005000 08:06 10888200   /usr/lib/libXtst.so.6.1.0
7ffe6000-7ffed000 r-xs 00094000 08:06 4170082    /usr/local/opt/netbeans-6.9/java/modules/ext/beansbinding-1.2.1.jar
7ffed000-7fff6000 r-xs 000a4000 08:05 144632     /mnt/daten/projekte/JPhotoTagger/Program/lib/hsqldb.jar
7fff6000-7fff9000 ---p 00000000 00:00 0 
7fff9000-80047000 rwxp 00000000 00:00 0 
80047000-8004a000 ---p 00000000 00:00 0 
8004a000-80098000 rwxp 00000000 00:00 0 
80098000-8009b000 ---p 00000000 00:00 0 
8009b000-800e9000 rwxp 00000000 00:00 0 
800e9000-800ea000 ---p 00000000 00:00 0 
800ea000-8016a000 rwxp 00000000 00:00 0 
8016a000-80300000 r-xs 02fd0000 08:06 4122670    /usr/local/opt/java/jdk1.6.0_20/jre/lib/rt.jar
80300000-80400000 rwxp 00000000 00:00 0 
80400000-80403000 r-xs 000cb000 08:06 4128884    /usr/local/opt/java/jdk1.6.0_20/jre/lib/ext/localedata.jar
80403000-80407000 r-xs 00030000 08:05 97200      /mnt/daten/projekte/JPhotoTagger/Program/lib/flickrapi.jar
80407000-8043a000 rwxp 00000000 00:00 0 
8043a000-8043b000 ---p 00000000 00:00 0 
8043b000-804bb000 rwxp 00000000 00:00 0 
804bb000-804bc000 ---p 00000000 00:00 0 
804bc000-8053c000 rwxp 00000000 00:00 0 
8053c000-8053d000 ---p 00000000 00:00 0 
8053d000-805bd000 rwxp 00000000 00:00 0 
805bd000-805be000 ---p 00000000 00:00 0 
805be000-80651000 rwxp 00000000 00:00 0 
80651000-8065e000 rwxp 00000000 00:00 0 
8065e000-806c7000 rwxp 00000000 00:00 0 
806c7000-80758000 rwxp 00000000 00:00 0 
80758000-8076b000 rwxp 00000000 00:00 0 
8076b000-80778000 rwxp 00000000 00:00 0 
80778000-807e1000 rwxp 00000000 00:00 0 
807e1000-80872000 rwxp 00000000 00:00 0 
80872000-808b1000 rwxp 00000000 00:00 0 
808b1000-808c8000 ---p 00000000 00:00 0 
808c8000-808ef000 rwxp 00000000 00:00 0 
808ef000-82d90000 rwxp 00000000 00:00 0 
82d90000-82e90000 ---p 00000000 00:00 0 
82e90000-848f0000 rwxp 00000000 00:00 0 
848f0000-91a60000 rwxp 00000000 00:00 0 
91a60000-a3cf0000 rwxp 00000000 00:00 0 
a3cf0000-abaf0000 rwxp 00000000 00:00 0 
abaf0000-ae7e0000 ---p 00000000 00:00 0 
ae7e0000-b36f0000 rwxp 00000000 00:00 0 
b36f1000-b36fa000 r-xs 000de000 08:05 59853      /mnt/daten/projekte/JPhotoTagger/Program/lib/jsl.jar
b36fa000-b370d000 rwxp 00000000 00:00 0 
b370d000-b37ba000 rwxp 00000000 00:00 0 
b37ba000-b3c42000 rwxp 00000000 00:00 0 
b3c42000-b67ba000 rwxp 00000000 00:00 0 
b67ba000-b67c9000 r-xp 00000000 08:06 4128948    /usr/local/opt/java/jdk1.6.0_20/jre/lib/i386/libzip.so
b67c9000-b67cb000 rwxp 0000e000 08:06 4128948    /usr/local/opt/java/jdk1.6.0_20/jre/lib/i386/libzip.so
b67cb000-b67d3000 rwxs 00000000 08:06 8773868    /tmp/hsperfdata_elmar/10137
b67d3000-b6812000 r-xp 00000000 08:06 10905339   /usr/lib/locale/de_DE.utf8/LC_CTYPE
b6812000-b692f000 r-xp 00000000 08:06 10897046   /usr/lib/locale/de_DE.utf8/LC_COLLATE
b692f000-b6969000 r-xp 00000000 08:06 4128930    /usr/local/opt/java/jdk1.6.0_20/jre/lib/i386/libjdwp.so
b6969000-b696a000 rwxp 00039000 08:06 4128930    /usr/local/opt/java/jdk1.6.0_20/jre/lib/i386/libjdwp.so
b696a000-b6980000 r-xp 00000000 08:06 606639     /lib/libnsl-2.11.2.so
b6980000-b6981000 r-xp 00015000 08:06 606639     /lib/libnsl-2.11.2.so
b6981000-b6982000 rwxp 00016000 08:06 606639     /lib/libnsl-2.11.2.so
b6982000-b6984000 rwxp 00000000 00:00 0 
b6986000-b6988000 r-xs 00011000 08:05 62504      /mnt/daten/projekte/JPhotoTagger/Program/lib/FlickrUpload.jar
b6988000-b6989000 r-xs 00005000 08:05 62729      /mnt/daten/projekte/JPhotoTagger/Program/lib/CopyFilenamesToClipboard.jar
b6989000-b698a000 r-xs 00003000 08:05 62377      /mnt/daten/projekte/JPhotoTagger/Program/lib/Plugin.jar
b698a000-b698d000 r-xp 00000000 08:06 4128915    /usr/local/opt/java/jdk1.6.0_20/jre/lib/i386/libdt_socket.so
b698d000-b698e000 rwxp 00003000 08:06 4128915    /usr/local/opt/java/jdk1.6.0_20/jre/lib/i386/libdt_socket.so
b698e000-b698f000 r-xp 00000000 08:06 10905379   /usr/lib/locale/de_DE.utf8/LC_NUMERIC
b698f000-b6990000 r-xp 00000000 08:06 10897048   /usr/lib/locale/de_DE.utf8/LC_TIME
b6990000-b6991000 r-xp 00000000 08:06 10905400   /usr/lib/locale/de_DE.utf8/LC_MONETARY
b6991000-b6992000 r-xp 00000000 08:06 10905338   /usr/lib/locale/de_DE.utf8/LC_MESSAGES/SYS_LC_MESSAGES
b6992000-b6993000 r-xp 00000000 08:06 10904402   /usr/lib/locale/de_DE.utf8/LC_PAPER
b6993000-b6994000 r-xp 00000000 08:06 10897699   /usr/lib/locale/de_DE.utf8/LC_NAME
b6994000-b6995000 r-xp 00000000 08:06 10897045   /usr/lib/locale/de_DE.utf8/LC_ADDRESS
b6995000-b6996000 r-xp 00000000 08:06 10897698   /usr/lib/locale/de_DE.utf8/LC_TELEPHONE
b6996000-b6997000 r-xp 00000000 08:06 10904398   /usr/lib/locale/de_DE.utf8/LC_MEASUREMENT
b6997000-b699e000 r-xs 00000000 08:06 10896936   /usr/lib/gconv/gconv-modules.cache
b699e000-b69c1000 r-xp 00000000 08:06 4128924    /usr/local/opt/java/jdk1.6.0_20/jre/lib/i386/libjava.so
b69c1000-b69c3000 rwxp 00023000 08:06 4128924    /usr/local/opt/java/jdk1.6.0_20/jre/lib/i386/libjava.so
b69c3000-b69cb000 r-xp 00000000 08:06 606359     /lib/librt-2.11.2.so
b69cb000-b69cc000 r-xp 00007000 08:06 606359     /lib/librt-2.11.2.so
b69cc000-b69cd000 rwxp 00008000 08:06 606359     /lib/librt-2.11.2.so
b69cd000-b69d0000 ---p 00000000 00:00 0 
b69d0000-b6a1e000 rwxp 00000000 00:00 0 
b6a1e000-b6a46000 r-xp 00000000 08:06 606353     /lib/libm-2.11.2.so
b6a46000-b6a47000 r-xp 00027000 08:06 606353     /lib/libm-2.11.2.so
b6a47000-b6a48000 rwxp 00028000 08:06 606353     /lib/libm-2.11.2.so
b6a48000-b7154000 r-xp 00000000 08:06 4128956    /usr/local/opt/java/jdk1.6.0_20/jre/lib/i386/server/libjvm.so
b7154000-b71a5000 rwxp 0070b000 08:06 4128956    /usr/local/opt/java/jdk1.6.0_20/jre/lib/i386/server/libjvm.so
b71a5000-b75c4000 rwxp 00000000 00:00 0 
b75c4000-b7728000 r-xp 00000000 08:06 606377     /lib/libc-2.11.2.so
b7728000-b7729000 ---p 00164000 08:06 606377     /lib/libc-2.11.2.so
b7729000-b772b000 r-xp 00164000 08:06 606377     /lib/libc-2.11.2.so
b772b000-b772c000 rwxp 00166000 08:06 606377     /lib/libc-2.11.2.so
b772c000-b7730000 rwxp 00000000 00:00 0 
b7730000-b7733000 r-xp 00000000 08:06 606378     /lib/libdl-2.11.2.so
b7733000-b7734000 r-xp 00002000 08:06 606378     /lib/libdl-2.11.2.so
b7734000-b7735000 rwxp 00003000 08:06 606378     /lib/libdl-2.11.2.so
b7735000-b773c000 r-xp 00000000 08:06 4128907    /usr/local/opt/java/jdk1.6.0_20/jre/lib/i386/jli/libjli.so
b773c000-b773e000 rwxp 00006000 08:06 4128907    /usr/local/opt/java/jdk1.6.0_20/jre/lib/i386/jli/libjli.so
b773e000-b7755000 r-xp 00000000 08:06 606768     /lib/libpthread-2.11.2.so
b7755000-b7756000 r-xp 00016000 08:06 606768     /lib/libpthread-2.11.2.so
b7756000-b7757000 rwxp 00017000 08:06 606768     /lib/libpthread-2.11.2.so
b7757000-b7759000 rwxp 00000000 00:00 0 
b7759000-b775a000 r-xp 00000000 08:06 10897047   /usr/lib/locale/de_DE.utf8/LC_IDENTIFICATION
b775a000-b775d000 r-xp 00000000 08:06 4128942    /usr/local/opt/java/jdk1.6.0_20/jre/lib/i386/libnpt.so
b775d000-b775e000 rwxp 00002000 08:06 4128942    /usr/local/opt/java/jdk1.6.0_20/jre/lib/i386/libnpt.so
b775e000-b7764000 r-xp 00000000 08:06 4128952    /usr/local/opt/java/jdk1.6.0_20/jre/lib/i386/native_threads/libhpi.so
b7764000-b7765000 rwxp 00006000 08:06 4128952    /usr/local/opt/java/jdk1.6.0_20/jre/lib/i386/native_threads/libhpi.so
b7765000-b7766000 rwxp 00000000 00:00 0 
b7766000-b7767000 r-xp 00000000 00:00 0 
b7767000-b7772000 r-xp 00000000 08:06 4128947    /usr/local/opt/java/jdk1.6.0_20/jre/lib/i386/libverify.so
b7772000-b7773000 rwxp 0000b000 08:06 4128947    /usr/local/opt/java/jdk1.6.0_20/jre/lib/i386/libverify.so
b7773000-b7774000 rwxp 00000000 00:00 0 
b7774000-b7793000 r-xp 00000000 08:06 607540     /lib/ld-2.11.2.so
b7793000-b7794000 r-xp 0001e000 08:06 607540     /lib/ld-2.11.2.so
b7794000-b7795000 rwxp 0001f000 08:06 607540     /lib/ld-2.11.2.so
bfd20000-bfd42000 rwxp 00000000 00:00 0          [stack]
ffffe000-fffff000 r-xp 00000000 00:00 0          [vdso]

VM Arguments:
jvm_args: -Xdebug -Xrunjdwp:transport=dt_socket,address=localhost:38658 -Dfile.encoding=UTF-8 -Xms30m -Xmx750m -ea 
java_command: org.jphototagger.program.Main -nocapture
Launcher Type: SUN_STANDARD

Environment Variables:
JAVA_HOME=/usr/lib/jvm/jre
JRE_HOME=/usr/lib/jvm/jre
PATH=/home/elmar/bin:/usr/local/bin:/usr/bin:/bin:/usr/bin/X11:/usr/X11R6/bin:/usr/games:/opt/kde3/bin:/usr/lib/jvm/jre/bin:/mnt/daten/projekte/internet-site/bin:/usr/local/opt/bin:.:/home/elmar/bin:/home/elmar/bin/startskripte:/usr/local/opt/jdk/jdk/bin:/mnt/daten/projekte/internet-site/bin:/usr/local/opt/bin:.:/home/elmar/bin:/home/elmar/bin/startskripte:/usr/local/opt/jdk/jdk/bin
LD_LIBRARY_PATH=/usr/local/opt/java/jdk1.6.0_20/jre/lib/i386/server:/usr/local/opt/java/jdk1.6.0_20/jre/lib/i386:/usr/local/opt/java/jdk1.6.0_20/jre/../lib/i386:/usr/local/opt/java/jdk1.6.0_20/jre/lib/i386/client:/usr/local/opt/java/jdk1.6.0_20/jre/lib/i386:/usr/local/opt/java/jdk1.6.0_20/jre/../lib/i386
SHELL=/bin/bash
DISPLAY=:0.0
HOSTTYPE=i386
OSTYPE=linux
MACHTYPE=i686-suse-linux

Signal Handlers:
SIGSEGV: [libjvm.so+0x68d5c0], sa_mask[0]=0x7ffbfeff, sa_flags=0x10000004
SIGBUS: [libjvm.so+0x68d5c0], sa_mask[0]=0x7ffbfeff, sa_flags=0x10000004
SIGFPE: [libjvm.so+0x55cb30], sa_mask[0]=0x7ffbfeff, sa_flags=0x10000004
SIGPIPE: SIG_IGN, sa_mask[0]=0x00001000, sa_flags=0x10000000
SIGXFSZ: [libjvm.so+0x55cb30], sa_mask[0]=0x7ffbfeff, sa_flags=0x10000004
SIGILL: [libjvm.so+0x55cb30], sa_mask[0]=0x7ffbfeff, sa_flags=0x10000004
SIGUSR1: SIG_DFL, sa_mask[0]=0x00000000, sa_flags=0x00000000
SIGUSR2: [libjvm.so+0x55f770], sa_mask[0]=0x00000004, sa_flags=0x10000004
SIGHUP: [libjvm.so+0x55f4a0], sa_mask[0]=0x7ffbfeff, sa_flags=0x10000004
SIGINT: SIG_IGN, sa_mask[0]=0x00000000, sa_flags=0x00000000
SIGTERM: [libjvm.so+0x55f4a0], sa_mask[0]=0x7ffbfeff, sa_flags=0x10000004
SIGQUIT: [libjvm.so+0x55f4a0], sa_mask[0]=0x7ffbfeff, sa_flags=0x10000004


---------------  S Y S T E M  ---------------

OS:openSUSE 11.3 (i586)
VERSION = 11.3

uname:Linux 2.6.34-12-desktop #1 SMP PREEMPT 2010-06-29 02:39:08 +0200 i686
libc:glibc 2.11.2 NPTL 2.11.2 
rlimit: STACK 8192k, CORE 0k, NPROC 64190, NOFILE 8192, AS infinity
load average:0,02 0,05 0,11

CPU:total 4 (8 cores per cpu, 2 threads per core) family 6 model 30 stepping 5, cmov, cx8, fxsr, mmx, sse, sse2, sse3, ssse3, sse4.1, sse4.2, popcnt, ht

Memory: 4k page, physical 8226348k(5208000k free), swap 8385892k(8385892k free)

vm_info: Java HotSpot(TM) Server VM (16.3-b01) for linux-x86 JRE (1.6.0_20-b02), built on Apr 12 2010 13:58:11 by "java_re" with gcc 3.2.1-7a (J2SE release)

time: Sat Aug 21 17:38:24 2010
elapsed time: 648 seconds

